<?xml version="1.0" encoding="UTF-8"?>
<!-- Generated by org.testng.reporters.JUnitReportReporter -->
<testsuite skipped="0" hostname="DESKTOP-MUG13MS" name="com.qa.test.GetApiTest" tests="2" failures="0" timestamp="12 Aug 2019 12:58:22 GMT" time="4.219" errors="0">
  <testcase name="getAPITestWithHeaders" time="4.160" classname="com.qa.test.GetApiTest"/>
  <testcase name="getAPITest" time="0.059" classname="com.qa.test.GetApiTest"/>
</testsuite> <!-- com.qa.test.GetApiTest -->
