<?xml version="1.0" encoding="UTF-8"?>
<!-- Generated by org.testng.reporters.JUnitReportReporter -->
<testsuite hostname="DESKTOP-MUG13MS" failures="0" tests="1" name="com.qa.test.PostApiTest" time="1.396" errors="0" timestamp="31 Dec 2019 07:09:12 GMT" skipped="0">
  <testcase classname="com.qa.test.PostApiTest" name="postApiTest" time="1.396"/>
</testsuite> <!-- com.qa.test.PostApiTest -->
