<?xml version="1.0" encoding="UTF-8"?>
<!-- Generated by org.testng.reporters.JUnitReportReporter -->
<testsuite skipped="0" hostname="DESKTOP-MUG13MS" name="InterfacePackage.test2" tests="1" failures="0" timestamp="08 Jan 2020 11:37:56 GMT" time="0.011" errors="0">
  <testcase name="te" time="0.011" classname="InterfacePackage.test2"/>
</testsuite> <!-- InterfacePackage.test2 -->
