<?xml version="1.0" encoding="UTF-8"?>
<!-- Generated by org.testng.reporters.JUnitReportReporter -->
<testsuite skipped="0" hostname="DESKTOP-MUG13MS" name="OverloadMethods.Load2" tests="2" failures="0" timestamp="08 Jan 2020 12:15:54 GMT" time="0.015" errors="0">
  <testcase name="test1" time="0.015" classname="OverloadMethods.Load2"/>
  <testcase name="test1" time="0.000" classname="OverloadMethods.Load2"/>
</testsuite> <!-- OverloadMethods.Load2 -->
