<?xml version="1.0" encoding="UTF-8"?>
<!-- Generated by org.testng.reporters.JUnitReportReporter -->
<testsuite skipped="0" hostname="DESKTOP-MUG13MS" name="OverloadMethods.Load1" tests="3" failures="0" timestamp="08 Jan 2020 11:59:17 GMT" time="0.000" errors="0">
  <testcase name="test1" time="0.000" classname="OverloadMethods.Load1"/>
  <testcase name="test1" time="0.000" classname="OverloadMethods.Load1"/>
  <testcase name="test1" time="0.000" classname="OverloadMethods.Load1"/>
</testsuite> <!-- OverloadMethods.Load1 -->
