<?xml version="1.0" encoding="UTF-8"?>
<!-- Generated by org.testng.reporters.JUnitReportReporter -->
<testsuite hostname="DESKTOP-MUG13MS" failures="0" tests="1" name="com.test.logintest" time="15.643" errors="0" timestamp="17 Dec 2019 08:41:14 GMT" skipped="0">
  <testcase classname="com.test.logintest" name="titletest" time="15.643"/>
</testsuite> <!-- com.test.logintest -->
