<?xml version="1.0" encoding="UTF-8"?>
<!-- Generated by org.testng.reporters.JUnitReportReporter -->
<testsuite hostname="DESKTOP-MUG13MS" failures="0" tests="1" name="Gridtest.ChromeGridtest" time="10.962" errors="0" timestamp="07 Jan 2020 06:05:28 GMT" skipped="0">
  <testcase classname="Gridtest.ChromeGridtest" name="testa" time="10.962"/>
</testsuite> <!-- Gridtest.ChromeGridtest -->
