<?xml version="1.0" encoding="UTF-8"?>
<!-- Generated by org.testng.reporters.JUnitReportReporter -->
<testsuite skipped="0" hostname="DESKTOP-MUG13MS" name="Test1_BasicFeatures" tests="1" failures="0" timestamp="24 Jan 2020 18:01:57 GMT" time="3.934" errors="0">
  <testcase name="teststatuscode" time="3.934" classname="Test1_BasicFeatures"/>
</testsuite> <!-- Test1_BasicFeatures -->
