<?xml version="1.0" encoding="UTF-8"?>
<!-- Generated by org.testng.reporters.JUnitReportReporter -->
<testsuite hostname="DESKTOP-MUG13MS" failures="0" tests="2" name="com.qa.test.getApiTest" time="3.930" errors="0" timestamp="28 Dec 2019 10:56:24 GMT" skipped="1">
  <testcase classname="com.qa.test.getApiTest" name="getWithHeadersResp" time="3.930"/>
  <testcase classname="com.qa.test.getApiTest" name="getResp">
    <skipped/>
  </testcase> <!-- getResp -->
</testsuite> <!-- com.qa.test.getApiTest -->
