<?xml version="1.0" encoding="UTF-8"?>
<!-- Generated by org.testng.reporters.JUnitReportReporter -->
<testsuite hostname="DESKTOP-MUG13MS" failures="0" tests="2" name="SeleniumTopics.ChromeDriverServicesExample" time="12.523" errors="0" timestamp="19 Nov 2019 11:03:27 GMT" skipped="0">
  <testcase classname="SeleniumTopics.ChromeDriverServicesExample" name="launchFacebook" time="7.873"/>
  <testcase classname="SeleniumTopics.ChromeDriverServicesExample" name="launchGoogle" time="4.650"/>
</testsuite> <!-- SeleniumTopics.ChromeDriverServicesExample -->
