<?xml version="1.0" encoding="UTF-8"?>
<!-- Generated by org.testng.reporters.JUnitReportReporter -->
<testsuite skipped="0" hostname="DESKTOP-MUG13MS" name="com.test.logintest" tests="1" failures="0" timestamp="22 Jan 2020 07:21:25 GMT" time="20.206" errors="0">
  <testcase name="titletest" time="20.206" classname="com.test.logintest"/>
</testsuite> <!-- com.test.logintest -->
