<?xml version="1.0" encoding="UTF-8"?>
<!-- Generated by org.testng.reporters.JUnitReportReporter -->
<testsuite hostname="DESKTOP-MUG13MS" failures="0" tests="1" name="GetApiReq" time="1.493" errors="0" timestamp="30 Dec 2019 11:58:39 GMT" skipped="0">
  <testcase classname="GetApiReq" name="GetApiReqTest" time="1.493"/>
</testsuite> <!-- GetApiReq -->
