<?xml version="1.0" encoding="UTF-8"?>
<!-- Generated by org.testng.reporters.JUnitReportReporter -->
<testsuite hostname="DESKTOP-MUG13MS" failures="0" tests="1" name="AdminSuite.AdminClass1" time="0.006" errors="0" timestamp="24 Oct 2019 11:38:05 GMT" skipped="0">
  <testcase classname="AdminSuite.AdminClass1" name="ac1m1" time="0.006"/>
</testsuite> <!-- AdminSuite.AdminClass1 -->
