<?xml version="1.0" encoding="UTF-8"?>
<!-- Generated by org.testng.reporters.JUnitReportReporter -->
<testsuite hostname="DESKTOP-MUG13MS" failures="0" tests="1" name="CustomExpectedConditions.BaseClass" time="4.950" errors="0" timestamp="25 Oct 2019 12:30:28 GMT" skipped="0">
  <testcase classname="CustomExpectedConditions.BaseClass" name="test1" time="4.950"/>
</testsuite> <!-- CustomExpectedConditions.BaseClass -->
