<?xml version="1.0" encoding="UTF-8"?>
<!-- Generated by org.testng.reporters.JUnitReportReporter -->
<testsuite hostname="DESKTOP-MUG13MS" failures="0" tests="1" name="VCSuite.VClass1" time="0.000" errors="0" timestamp="24 Oct 2019 11:38:05 GMT" skipped="0">
  <testcase classname="VCSuite.VClass1" name="v1m1" time="0.000"/>
</testsuite> <!-- VCSuite.VClass1 -->
