<?xml version="1.0" encoding="UTF-8"?>
<!-- Generated by org.testng.reporters.JUnitReportReporter -->
<testsuite hostname="DESKTOP-MUG13MS" failures="0" tests="1" name="com.qa.rest.test.GetcallBDD" time="2.019" errors="0" timestamp="07 Jan 2020 09:00:15 GMT" skipped="0">
  <testcase classname="com.qa.rest.test.GetcallBDD" name="test1" time="2.019"/>
</testsuite> <!-- com.qa.rest.test.GetcallBDD -->
